<?xml version="1.0" encoding="UTF-8"?>
<!-- Generated by org.testng.reporters.JUnitReportReporter -->
<testsuite hostname="DESKTOP-30NH0U4" failures="0" tests="2" name="com.juaracoding.pageObject.TestAlert" time="4.453" errors="0" timestamp="2022-08-16T21:22:32 WIB" skipped="0">
  <testcase classname="com.juaracoding.pageObject.TestAlert" name="testAlertTwo" time="2.494"/>
  <system-out/>
  <testcase classname="com.juaracoding.pageObject.TestAlert" name="testAlert" time="1.959"/>
  <system-out/>
</testsuite> <!-- com.juaracoding.pageObject.TestAlert -->
