<?xml version="1.0" encoding="UTF-8"?>
<!-- Generated by org.testng.reporters.JUnitReportReporter -->
<testsuite hostname="DESKTOP-30NH0U4" failures="0" tests="1" name="com.juaracoding.pageObject.TestForm" time="3.314" errors="0" timestamp="2022-08-21T22:33:36 WIB" skipped="0">
  <testcase classname="com.juaracoding.pageObject.TestForm" name="testForm" time="3.314"/>
  <system-out/>
</testsuite> <!-- com.juaracoding.pageObject.TestForm -->
