<?xml version="1.0" encoding="UTF-8"?>
<!-- Generated by org.testng.reporters.JUnitReportReporter -->
<testsuite hostname="DESKTOP-30NH0U4" failures="0" tests="1" name="com.juaracoding.pageObject.TestFrame" time="0.582" errors="0" timestamp="2022-08-16T20:01:56 WIB" skipped="0">
  <testcase classname="com.juaracoding.pageObject.TestFrame" name="testFrame" time="0.582"/>
  <system-out/>
</testsuite> <!-- com.juaracoding.pageObject.TestFrame -->
