<?xml version="1.0" encoding="UTF-8"?>
<!-- Generated by org.testng.reporters.JUnitReportReporter -->
<testsuite hostname="DESKTOP-30NH0U4" failures="0" tests="1" name="com.juaracoding.pageObject.TestModal" time="2.078" errors="0" timestamp="2022-08-19T15:55:17 WIB" skipped="0">
  <testcase classname="com.juaracoding.pageObject.TestModal" name="testModal" time="2.078"/>
  <system-out/>
</testsuite> <!-- com.juaracoding.pageObject.TestModal -->
